c:\users\r3sh\desktop\comp.sci\c++\openglapp\debug\vc142.pdb
c:\users\r3sh\desktop\comp.sci\c++\openglapp\debug\vc142.idb
c:\users\r3sh\desktop\comp.sci\c++\openglapp\debug\vertexbuffer.obj
c:\users\r3sh\desktop\comp.sci\c++\openglapp\debug\vertexarray.obj
c:\users\r3sh\desktop\comp.sci\c++\openglapp\debug\texture.obj
c:\users\r3sh\desktop\comp.sci\c++\openglapp\debug\stb_image.obj
c:\users\r3sh\desktop\comp.sci\c++\openglapp\debug\shader.obj
c:\users\r3sh\desktop\comp.sci\c++\openglapp\debug\renderer.obj
c:\users\r3sh\desktop\comp.sci\c++\openglapp\debug\main.obj
c:\users\r3sh\desktop\comp.sci\c++\openglapp\debug\indexbuffer.obj
c:\users\r3sh\desktop\comp.sci\c++\openglapp\debug\imgui_impl_glfw_gl3.obj
c:\users\r3sh\desktop\comp.sci\c++\openglapp\debug\imgui_draw.obj
c:\users\r3sh\desktop\comp.sci\c++\openglapp\debug\imgui_demo.obj
c:\users\r3sh\desktop\comp.sci\c++\openglapp\debug\imgui.obj
c:\users\r3sh\desktop\comp.sci\c++\openglapp\debug\test.obj
c:\users\r3sh\desktop\comp.sci\c++\openglapp\debug\testclearcolor.obj
c:\users\r3sh\desktop\comp.sci\c++\openglapp\debug\testplaintexture.obj
c:\users\r3sh\desktop\comp.sci\c++\openglapp\debug\openglapp.exe
c:\users\r3sh\desktop\comp.sci\c++\openglapp\debug\openglapp.ilk
c:\users\r3sh\desktop\comp.sci\c++\openglapp\debug\openglapp.pdb
c:\users\r3sh\desktop\comp.sci\c++\openglapp\debug\openglapp.tlog\cl.command.1.tlog
c:\users\r3sh\desktop\comp.sci\c++\openglapp\debug\openglapp.tlog\cl.read.1.tlog
c:\users\r3sh\desktop\comp.sci\c++\openglapp\debug\openglapp.tlog\cl.write.1.tlog
c:\users\r3sh\desktop\comp.sci\c++\openglapp\debug\openglapp.tlog\link.command.1.tlog
c:\users\r3sh\desktop\comp.sci\c++\openglapp\debug\openglapp.tlog\link.read.1.tlog
c:\users\r3sh\desktop\comp.sci\c++\openglapp\debug\openglapp.tlog\link.write.1.tlog
